<?xml version="1.0" encoding="UTF-8"?>
<!-- Generated by org.testng.reporters.JUnitXMLReporter -->
<testsuite hostname="LAPTOP-5COFNKBT" failures="0" tests="8" name="Test" time="0.071" errors="0" timestamp="3 Sep 2024 14:08:25 GMT">
  <testcase classname="com.nt.groups.TestNGGroups" name="loginEmail" time="0.013"/>
  <testcase classname="com.nt.groups.TestNGGroups" name="loginFaceBook" time="0.001"/>
  <testcase classname="com.nt.groups.TestNGGroups" name="twitterloin" time="0.002"/>
  <testcase classname="com.nt.groups.TestNgGrops1" name="logoutEmail" time="0.004"/>
  <testcase classname="com.nt.groups.TestNgGrops1" name="logoutFaceBook" time="0.003"/>
  <testcase classname="com.nt.groups.TestNgGrops1" name="twitterlogout" time="0.002"/>
  <testcase classname="com.nt.groups.TestNGGroups2" name="paymentRupay" time="0.003"/>
  <testcase classname="com.nt.groups.TestNGGroups2" name="paymentVisa" time="0.003"/>
</testsuite> <!-- Test -->
